2024-07-31 22:08:12,899 - INFO - Diretório de download configurado para: C:\Users\guima\Desktop
2024-07-31 22:08:13,498 - INFO - Navegando para a URL: https://www.joaopessoa.pb.gov.br/pc/certidaoNegativa.xhtml
2024-07-31 22:08:17,496 - INFO - CNPJ inserido: 
2024-07-31 22:08:17,619 - WARNING - Erro ao tentar clicar no elemento 'formbody:j_idt81', CNPJ não localizado
2024-07-31 22:08:27,645 - ERROR - Erro ao executar a função PortalContribuinte
2024-07-31 22:08:27,646 - INFO - Falha na execução da função PortalContribuinte.
2024-07-31 22:13:11,966 - INFO - Diretório de download configurado para: C:\Users\guima\Desktop
2024-07-31 22:13:15,300 - INFO - Navegando para a URL: https://www.joaopessoa.pb.gov.br/pc/certidaoNegativa.xhtml
2024-07-31 22:13:15,862 - INFO - CNPJ inserido: 
2024-07-31 22:13:16,002 - WARNING - Erro ao tentar clicar no elemento 'formbody:j_idt81', CNPJ não localizado
2024-07-31 22:13:26,042 - ERROR - Erro ao executar a função PortalContribuinte
2024-07-31 22:13:26,042 - INFO - Falha na execução da função PortalContribuinte.
2024-07-31 22:28:16,893 - ERROR - Uncaught exception
Traceback (most recent call last):
  File "C:\Users\guima\jojo\AutomaPrefeitura\main.py", line 38, in <module>
    start_window()
  File "C:\Users\guima\jojo\AutomaPrefeitura\main.py", line 35, in start_window
    window.expose(api)
  File "C:\Users\guima\AppData\Local\Programs\Python\Python312\Lib\site-packages\webview\window.py", line 502, in expose
    raise TypeError('Parameter must be a function')
TypeError: Parameter must be a function
2024-07-31 22:40:45,430 - ERROR - Uncaught exception
Traceback (most recent call last):
  File "C:\Users\guima\jojo\AutomaPrefeitura\main.py", line 38, in <module>
    start_window()
  File "C:\Users\guima\jojo\AutomaPrefeitura\main.py", line 35, in start_window
    window.expose(api)
  File "C:\Users\guima\AppData\Local\Programs\Python\Python312\Lib\site-packages\webview\window.py", line 502, in expose
    raise TypeError('Parameter must be a function')
TypeError: Parameter must be a function
2024-07-31 22:46:12,144 - ERROR - Uncaught exception
Traceback (most recent call last):
  File "C:\Users\guima\jojo\AutomaPrefeitura\main.py", line 38, in <module>
    start_window()
  File "C:\Users\guima\jojo\AutomaPrefeitura\main.py", line 35, in start_window
    window.expose(api)
  File "C:\Users\guima\AppData\Local\Programs\Python\Python312\Lib\site-packages\webview\window.py", line 502, in expose
    raise TypeError('Parameter must be a function')
TypeError: Parameter must be a function
2024-07-31 22:53:06,454 - ERROR - Uncaught exception
Traceback (most recent call last):
  File "C:\Users\guima\jojo\AutomaPrefeitura\main.py", line 38, in <module>
    start_window()
  File "C:\Users\guima\jojo\AutomaPrefeitura\main.py", line 35, in start_window
    window.expose(api)
  File "C:\Users\guima\AppData\Local\Programs\Python\Python312\Lib\site-packages\webview\window.py", line 502, in expose
    raise TypeError('Parameter must be a function')
TypeError: Parameter must be a function
2024-07-31 22:53:36,444 - ERROR - Uncaught exception
Traceback (most recent call last):
  File "C:\Users\guima\jojo\AutomaPrefeitura\main.py", line 38, in <module>
    start_window()
  File "C:\Users\guima\jojo\AutomaPrefeitura\main.py", line 35, in start_window
    window.expose(api)
  File "C:\Users\guima\AppData\Local\Programs\Python\Python312\Lib\site-packages\webview\window.py", line 502, in expose
    raise TypeError('Parameter must be a function')
TypeError: Parameter must be a function
2024-07-31 22:54:59,051 - ERROR - Uncaught exception
Traceback (most recent call last):
  File "C:\Users\guima\jojo\AutomaPrefeitura\main.py", line 38, in <module>
    start_window()
  File "C:\Users\guima\jojo\AutomaPrefeitura\main.py", line 35, in start_window
    window.expose(api)
  File "C:\Users\guima\AppData\Local\Programs\Python\Python312\Lib\site-packages\webview\window.py", line 502, in expose
    raise TypeError('Parameter must be a function')
TypeError: Parameter must be a function
2024-07-31 22:56:11,758 - ERROR - Uncaught exception
Traceback (most recent call last):
  File "C:\Users\guima\jojo\AutomaPrefeitura\main.py", line 38, in <module>
    start_window()
  File "C:\Users\guima\jojo\AutomaPrefeitura\main.py", line 35, in start_window
    window.expose(api)
  File "C:\Users\guima\AppData\Local\Programs\Python\Python312\Lib\site-packages\webview\window.py", line 502, in expose
    raise TypeError('Parameter must be a function')
TypeError: Parameter must be a function
2024-07-31 22:56:39,952 - ERROR - Uncaught exception
Traceback (most recent call last):
  File "C:\Users\guima\jojo\AutomaPrefeitura\main.py", line 38, in <module>
    start_window()
  File "C:\Users\guima\jojo\AutomaPrefeitura\main.py", line 35, in start_window
    window.expose(api)
  File "C:\Users\guima\AppData\Local\Programs\Python\Python312\Lib\site-packages\webview\window.py", line 502, in expose
    raise TypeError('Parameter must be a function')
TypeError: Parameter must be a function
2024-07-31 22:58:38,763 - ERROR - Uncaught exception
Traceback (most recent call last):
  File "C:\Users\guima\jojo\AutomaPrefeitura\main.py", line 38, in <module>
    start_window()
  File "C:\Users\guima\jojo\AutomaPrefeitura\main.py", line 35, in start_window
    window.expose(api)
  File "C:\Users\guima\AppData\Local\Programs\Python\Python312\Lib\site-packages\webview\window.py", line 502, in expose
    raise TypeError('Parameter must be a function')
TypeError: Parameter must be a function
2024-07-31 23:01:09,204 - ERROR - Uncaught exception
Traceback (most recent call last):
  File "C:\Users\guima\jojo\AutomaPrefeitura\main.py", line 38, in <module>
    start_window()
  File "C:\Users\guima\jojo\AutomaPrefeitura\main.py", line 35, in start_window
    window.expose(api)
  File "C:\Users\guima\AppData\Local\Programs\Python\Python312\Lib\site-packages\webview\window.py", line 502, in expose
    raise TypeError('Parameter must be a function')
TypeError: Parameter must be a function
2024-07-31 23:01:40,766 - ERROR - Uncaught exception
Traceback (most recent call last):
  File "C:\Users\guima\jojo\AutomaPrefeitura\main.py", line 38, in <module>
    start_window()
  File "C:\Users\guima\jojo\AutomaPrefeitura\main.py", line 35, in start_window
    window.expose(api)
  File "C:\Users\guima\AppData\Local\Programs\Python\Python312\Lib\site-packages\webview\window.py", line 502, in expose
    raise TypeError('Parameter must be a function')
TypeError: Parameter must be a function
2024-07-31 23:08:50,302 - ERROR - Uncaught exception
Traceback (most recent call last):
  File "C:\Users\guima\jojo\AutomaPrefeitura\main.py", line 38, in <module>
    start_window()
  File "C:\Users\guima\jojo\AutomaPrefeitura\main.py", line 35, in start_window
    window.expose(api)
  File "C:\Users\guima\AppData\Local\Programs\Python\Python312\Lib\site-packages\webview\window.py", line 502, in expose
    raise TypeError('Parameter must be a function')
TypeError: Parameter must be a function
2024-07-31 23:09:18,502 - ERROR - Uncaught exception
Traceback (most recent call last):
  File "C:\Users\guima\jojo\AutomaPrefeitura\main.py", line 38, in <module>
    start_window()
  File "C:\Users\guima\jojo\AutomaPrefeitura\main.py", line 35, in start_window
    window.expose(api)
  File "C:\Users\guima\AppData\Local\Programs\Python\Python312\Lib\site-packages\webview\window.py", line 502, in expose
    raise TypeError('Parameter must be a function')
TypeError: Parameter must be a function
2024-07-31 23:09:54,111 - ERROR - Uncaught exception
Traceback (most recent call last):
  File "C:\Users\guima\jojo\AutomaPrefeitura\main.py", line 38, in <module>
    start_window()
  File "C:\Users\guima\jojo\AutomaPrefeitura\main.py", line 35, in start_window
    window.expose(api)
  File "C:\Users\guima\AppData\Local\Programs\Python\Python312\Lib\site-packages\webview\window.py", line 502, in expose
    raise TypeError('Parameter must be a function')
TypeError: Parameter must be a function
2024-07-31 23:10:36,453 - ERROR - Uncaught exception
Traceback (most recent call last):
  File "C:\Users\guima\jojo\AutomaPrefeitura\main.py", line 38, in <module>
    start_window()
  File "C:\Users\guima\jojo\AutomaPrefeitura\main.py", line 35, in start_window
    window.expose(api)
  File "C:\Users\guima\AppData\Local\Programs\Python\Python312\Lib\site-packages\webview\window.py", line 502, in expose
    raise TypeError('Parameter must be a function')
TypeError: Parameter must be a function
2024-07-31 23:14:29,710 - ERROR - Uncaught exception
Traceback (most recent call last):
  File "C:\Users\guima\jojo\AutomaPrefeitura\main.py", line 38, in <module>
    start_window()
  File "C:\Users\guima\jojo\AutomaPrefeitura\main.py", line 35, in start_window
    window.expose(api)
  File "C:\Users\guima\AppData\Local\Programs\Python\Python312\Lib\site-packages\webview\window.py", line 502, in expose
    raise TypeError('Parameter must be a function')
TypeError: Parameter must be a function
2024-07-31 23:19:14,751 - ERROR - Uncaught exception
Traceback (most recent call last):
  File "C:\Users\guima\jojo\AutomaPrefeitura\main.py", line 38, in <module>
    start_window()
  File "C:\Users\guima\jojo\AutomaPrefeitura\main.py", line 35, in start_window
    window.expose(api)
  File "C:\Users\guima\AppData\Local\Programs\Python\Python312\Lib\site-packages\webview\window.py", line 502, in expose
    raise TypeError('Parameter must be a function')
TypeError: Parameter must be a function
2024-07-31 23:20:46,158 - ERROR - Uncaught exception
Traceback (most recent call last):
  File "C:\Users\guima\jojo\AutomaPrefeitura\main.py", line 38, in <module>
    start_window()
  File "C:\Users\guima\jojo\AutomaPrefeitura\main.py", line 35, in start_window
    window.expose(api)
  File "C:\Users\guima\AppData\Local\Programs\Python\Python312\Lib\site-packages\webview\window.py", line 502, in expose
    raise TypeError('Parameter must be a function')
TypeError: Parameter must be a function
2024-07-31 23:21:33,406 - ERROR - Uncaught exception
Traceback (most recent call last):
  File "C:\Users\guima\jojo\AutomaPrefeitura\main.py", line 38, in <module>
    start_window()
  File "C:\Users\guima\jojo\AutomaPrefeitura\main.py", line 35, in start_window
    window.expose(api)
  File "C:\Users\guima\AppData\Local\Programs\Python\Python312\Lib\site-packages\webview\window.py", line 502, in expose
    raise TypeError('Parameter must be a function')
TypeError: Parameter must be a function
2024-07-31 23:23:08,269 - ERROR - Uncaught exception
Traceback (most recent call last):
  File "C:\Users\guima\jojo\AutomaPrefeitura\main.py", line 38, in <module>
    start_window()
  File "C:\Users\guima\jojo\AutomaPrefeitura\main.py", line 35, in start_window
    window.expose(api)
  File "C:\Users\guima\AppData\Local\Programs\Python\Python312\Lib\site-packages\webview\window.py", line 502, in expose
    raise TypeError('Parameter must be a function')
TypeError: Parameter must be a function
2024-07-31 23:23:48,759 - ERROR - Uncaught exception
Traceback (most recent call last):
  File "C:\Users\guima\jojo\AutomaPrefeitura\main.py", line 38, in <module>
    start_window()
  File "C:\Users\guima\jojo\AutomaPrefeitura\main.py", line 35, in start_window
    window.expose(api)
  File "C:\Users\guima\AppData\Local\Programs\Python\Python312\Lib\site-packages\webview\window.py", line 502, in expose
    raise TypeError('Parameter must be a function')
TypeError: Parameter must be a function
2024-07-31 23:24:04,346 - ERROR - Uncaught exception
Traceback (most recent call last):
  File "C:\Users\guima\jojo\AutomaPrefeitura\main.py", line 38, in <module>
    start_window()
  File "C:\Users\guima\jojo\AutomaPrefeitura\main.py", line 35, in start_window
    window.expose(api)
  File "C:\Users\guima\AppData\Local\Programs\Python\Python312\Lib\site-packages\webview\window.py", line 502, in expose
    raise TypeError('Parameter must be a function')
TypeError: Parameter must be a function
2024-07-31 23:24:59,840 - ERROR - Uncaught exception
Traceback (most recent call last):
  File "C:\Users\guima\jojo\AutomaPrefeitura\main.py", line 38, in <module>
    start_window()
  File "C:\Users\guima\jojo\AutomaPrefeitura\main.py", line 35, in start_window
    window.expose(api)
  File "C:\Users\guima\AppData\Local\Programs\Python\Python312\Lib\site-packages\webview\window.py", line 502, in expose
    raise TypeError('Parameter must be a function')
TypeError: Parameter must be a function
2024-07-31 23:25:30,794 - ERROR - Uncaught exception
Traceback (most recent call last):
  File "C:\Users\guima\jojo\AutomaPrefeitura\main.py", line 38, in <module>
    start_window()
  File "C:\Users\guima\jojo\AutomaPrefeitura\main.py", line 35, in start_window
    window.expose(api)
  File "C:\Users\guima\AppData\Local\Programs\Python\Python312\Lib\site-packages\webview\window.py", line 502, in expose
    raise TypeError('Parameter must be a function')
TypeError: Parameter must be a function
